<?xml version="1.0" encoding="UTF-8"?>
<!-- Generated by org.testng.reporters.JUnitReportReporter -->
<testsuite hostname="DESKTOP-SJI79G1" failures="0" tests="1" name="LoginFromLkButtonTest" time="4.250" errors="0" timestamp="2023-02-27T08:31:41 GMT+06:00" skipped="0">
  <testcase classname="LoginFromLkButtonTest" name="isPasswordCorrectTest" time="4.250"/>
  <system-out/>
</testsuite> <!-- LoginFromLkButtonTest -->
