<?xml version="1.0" encoding="UTF-8"?>
<!-- Generated by org.testng.reporters.JUnitReportReporter -->
<testsuite hostname="DESKTOP-SJI79G1" failures="0" tests="2" name="PasswordRegistrationTest" time="10.460" errors="0" timestamp="2023-02-27T08:31:41 GMT+06:00" skipped="0">
  <testcase classname="PasswordRegistrationTest" name="isPasswordRegistrationCorrectTest[1]" time="6.963"/>
  <system-out/>
  <testcase classname="PasswordRegistrationTest" name="isPasswordRegistrationCorrectTest[0]" time="3.497"/>
  <system-out/>
</testsuite> <!-- PasswordRegistrationTest -->
